<?xml version="1.0" encoding="UTF-8"?>
<coverage generated="1694489452706" clover="3.2.0">
  <project timestamp="1694489452706" name="All files">
    <metrics statements="20" coveredstatements="20" conditionals="9" coveredconditionals="6" methods="4" coveredmethods="4" elements="33" coveredelements="30" complexity="0" loc="20" ncloc="20" packages="1" files="3" classes="3"/>
    <file name="const.ts" path="C:\Users\awens\Workspaces\bus-cf\src\ts\const.ts">
      <metrics statements="3" coveredstatements="3" conditionals="0" coveredconditionals="0" methods="0" coveredmethods="0"/>
      <line num="1" count="1" type="stmt"/>
      <line num="3" count="1" type="stmt"/>
      <line num="7" count="1" type="stmt"/>
    </file>
    <file name="form.ts" path="C:\Users\awens\Workspaces\bus-cf\src\ts\form.ts">
      <metrics statements="5" coveredstatements="5" conditionals="0" coveredconditionals="0" methods="1" coveredmethods="1"/>
      <line num="7" count="1" type="stmt"/>
      <line num="8" count="1" type="stmt"/>
      <line num="9" count="1" type="stmt"/>
      <line num="10" count="2" type="stmt"/>
      <line num="13" count="1" type="stmt"/>
    </file>
    <file name="url.ts" path="C:\Users\awens\Workspaces\bus-cf\src\ts\url.ts">
      <metrics statements="12" coveredstatements="12" conditionals="9" coveredconditionals="6" methods="3" coveredmethods="3"/>
      <line num="1" count="1" type="stmt"/>
      <line num="2" count="1" type="stmt"/>
      <line num="3" count="1" type="stmt"/>
      <line num="4" count="1" type="stmt"/>
      <line num="13" count="1" type="stmt"/>
      <line num="15" count="5" type="cond" truecount="1" falsecount="1"/>
      <line num="19" count="5" type="stmt"/>
      <line num="28" count="1" type="stmt"/>
      <line num="29" count="9" type="stmt"/>
      <line num="30" count="9" type="cond" truecount="2" falsecount="0"/>
      <line num="39" count="1" type="stmt"/>
      <line num="41" count="8" type="cond" truecount="3" falsecount="0"/>
    </file>
  </project>
</coverage>
