{"C:\\Users\\awens\\Workspaces\\bus-cf\\src\\ts\\const.ts": {"path":"C:\\Users\\awens\\Workspaces\\bus-cf\\src\\ts\\const.ts","statementMap":{"0":{"start":{"line":1,"column":13},"end":{"line":1,"column":null}},"1":{"start":{"line":3,"column":13},"end":{"line":5,"column":null}},"2":{"start":{"line":7,"column":13},"end":{"line":7,"column":null}}},"fnMap":{},"branchMap":{},"s":{"0":1,"1":1,"2":1},"f":{},"b":{}}
,"C:\\Users\\awens\\Workspaces\\bus-cf\\src\\ts\\form.ts": {"path":"C:\\Users\\awens\\Workspaces\\bus-cf\\src\\ts\\form.ts","statementMap":{"0":{"start":{"line":7,"column":37},"end":{"line":14,"column":1}},"1":{"start":{"line":8,"column":25},"end":{"line":8,"column":27}},"2":{"start":{"line":9,"column":2},"end":{"line":11,"column":null}},"3":{"start":{"line":10,"column":4},"end":{"line":10,"column":null}},"4":{"start":{"line":13,"column":2},"end":{"line":13,"column":null}},"5":{"start":{"line":7,"column":13},"end":{"line":7,"column":37}}},"fnMap":{"0":{"name":"(anonymous_0)","decl":{"start":{"line":7,"column":37},"end":{"line":7,"column":47}},"loc":{"start":{"line":7,"column":65},"end":{"line":14,"column":1}}}},"branchMap":{},"s":{"0":1,"1":1,"2":1,"3":2,"4":1,"5":1},"f":{"0":1},"b":{}}
,"C:\\Users\\awens\\Workspaces\\bus-cf\\src\\ts\\url.ts": {"path":"C:\\Users\\awens\\Workspaces\\bus-cf\\src\\ts\\url.ts","statementMap":{"0":{"start":{"line":1,"column":0},"end":{"line":1,"column":45}},"1":{"start":{"line":2,"column":0},"end":{"line":2,"column":48}},"2":{"start":{"line":3,"column":0},"end":{"line":3,"column":38}},"3":{"start":{"line":4,"column":0},"end":{"line":4,"column":67}},"4":{"start":{"line":13,"column":33},"end":{"line":20,"column":1}},"5":{"start":{"line":15,"column":4},"end":{"line":17,"column":33}},"6":{"start":{"line":19,"column":2},"end":{"line":19,"column":null}},"7":{"start":{"line":13,"column":13},"end":{"line":13,"column":33}},"8":{"start":{"line":28,"column":26},"end":{"line":31,"column":1}},"9":{"start":{"line":29,"column":19},"end":{"line":29,"column":34}},"10":{"start":{"line":30,"column":2},"end":{"line":30,"column":null}},"11":{"start":{"line":28,"column":13},"end":{"line":28,"column":26}},"12":{"start":{"line":39,"column":32},"end":{"line":42,"column":1}},"13":{"start":{"line":41,"column":2},"end":{"line":41,"column":null}},"14":{"start":{"line":39,"column":13},"end":{"line":39,"column":32}}},"fnMap":{"0":{"name":"(anonymous_0)","decl":{"start":{"line":13,"column":33},"end":{"line":13,"column":38}},"loc":{"start":{"line":13,"column":76},"end":{"line":20,"column":1}}},"1":{"name":"(anonymous_1)","decl":{"start":{"line":28,"column":26},"end":{"line":28,"column":36}},"loc":{"start":{"line":28,"column":47},"end":{"line":31,"column":1}}},"2":{"name":"(anonymous_2)","decl":{"start":{"line":39,"column":32},"end":{"line":39,"column":42}},"loc":{"start":{"line":39,"column":54},"end":{"line":42,"column":1}}}},"branchMap":{"0":{"loc":{"start":{"line":15,"column":4},"end":{"line":17,"column":33}},"type":"cond-expr","locations":[{"start":{"line":16,"column":9},"end":{"line":16,"column":101}},{"start":{"line":17,"column":8},"end":{"line":17,"column":33}}]},"1":{"loc":{"start":{"line":16,"column":9},"end":{"line":16,"column":101}},"type":"binary-expr","locations":[{"start":{"line":16,"column":10},"end":{"line":16,"column":60}},{"start":{"line":16,"column":76},"end":{"line":16,"column":101}}]},"2":{"loc":{"start":{"line":30,"column":9},"end":{"line":30,"column":46}},"type":"binary-expr","locations":[{"start":{"line":30,"column":9},"end":{"line":30,"column":26}},{"start":{"line":30,"column":30},"end":{"line":30,"column":46}}]},"3":{"loc":{"start":{"line":41,"column":9},"end":{"line":41,"column":89}},"type":"binary-expr","locations":[{"start":{"line":41,"column":9},"end":{"line":41,"column":24}},{"start":{"line":41,"column":28},"end":{"line":41,"column":58}},{"start":{"line":41,"column":62},"end":{"line":41,"column":89}}]}},"s":{"0":1,"1":1,"2":1,"3":1,"4":1,"5":5,"6":5,"7":1,"8":1,"9":9,"10":9,"11":1,"12":1,"13":8,"14":1},"f":{"0":5,"1":9,"2":8},"b":{"0":[0,5],"1":[0,0],"2":[9,9],"3":[8,7,6]}}
}
