TN:
SF:src\ts\const.ts
FNF:0
FNH:0
DA:1,1
DA:3,1
DA:7,1
LF:3
LH:3
BRF:0
BRH:0
end_of_record
TN:
SF:src\ts\form.ts
FN:7,(anonymous_0)
FNF:1
FNH:1
FNDA:1,(anonymous_0)
DA:7,1
DA:8,1
DA:9,1
DA:10,2
DA:13,1
LF:5
LH:5
BRF:0
BRH:0
end_of_record
TN:
SF:src\ts\url.ts
FN:13,(anonymous_0)
FN:28,(anonymous_1)
FN:39,(anonymous_2)
FNF:3
FNH:3
FNDA:5,(anonymous_0)
FNDA:9,(anonymous_1)
FNDA:8,(anonymous_2)
DA:1,1
DA:2,1
DA:3,1
DA:4,1
DA:13,1
DA:15,5
DA:19,5
DA:28,1
DA:29,9
DA:30,9
DA:39,1
DA:41,8
LF:12
LH:12
BRDA:15,0,0,0
BRDA:15,0,1,5
BRDA:16,1,0,0
BRDA:16,1,1,0
BRDA:30,2,0,9
BRDA:30,2,1,9
BRDA:41,3,0,8
BRDA:41,3,1,7
BRDA:41,3,2,6
BRF:9
BRH:6
end_of_record
